0 verbose cli /usr/local/bin/node /usr/local/bin/npm
1 info using npm@10.8.2
2 info using node@v20.19.0
3 silly config load:file:/usr/local/lib/node_modules/npm/npmrc
4 silly config load:file:/home/user/.npmrc
5 silly config load:file:/usr/local/etc/npmrc
6 verbose title npm install
7 verbose argv "install" "--force"
8 verbose logfile logs-max:10 dir:/home/user/.npm/_logs/2025-04-22T01_19_11_750Z-
9 verbose logfile /home/user/.npm/_logs/2025-04-22T01_19_11_750Z-debug-0.log
10 warn using --force Recommended protections disabled.
11 silly packumentCache heap:530317312 maxSize:132579328 maxEntrySize:66289664
12 silly logfile done cleaning log files
13 silly idealTree buildDeps
14 silly fetch manifest @expo-google-fonts/inter@latest
15 silly packumentCache full:https://registry.npmjs.org/@expo-google-fonts%2finter cache-miss
16 http fetch GET 200 https://registry.npmjs.org/@expo-google-fonts%2finter 877ms (cache miss)
17 silly packumentCache full:https://registry.npmjs.org/@expo-google-fonts%2finter set size:undefined disposed:false
18 silly placeDep ROOT @expo-google-fonts/inter@0.3.0 OK for: blink-expo-starter@1.0.0 want: latest
19 silly reify moves {}
20 silly audit bulk request {
20 silly audit   '@0no-co/graphql.web': [ '1.0.13' ],
20 silly audit   '@ampproject/remapping': [ '2.3.0' ],
20 silly audit   '@babel/code-frame': [ '7.26.2', '7.10.4' ],
20 silly audit   '@babel/compat-data': [ '7.26.8' ],
20 silly audit   '@babel/core': [ '7.26.8' ],
20 silly audit   '@babel/generator': [ '7.26.8' ],
20 silly audit   '@babel/helper-annotate-as-pure': [ '7.25.9' ],
20 silly audit   '@babel/helper-compilation-targets': [ '7.26.5' ],
20 silly audit   '@babel/helper-create-class-features-plugin': [ '7.25.9' ],
20 silly audit   '@babel/helper-create-regexp-features-plugin': [ '7.26.3' ],
20 silly audit   '@babel/helper-define-polyfill-provider': [ '0.6.3' ],
20 silly audit   '@babel/helper-member-expression-to-functions': [ '7.25.9' ],
20 silly audit   '@babel/helper-module-imports': [ '7.25.9' ],
20 silly audit   '@babel/helper-module-transforms': [ '7.26.0' ],
20 silly audit   '@babel/helper-optimise-call-expression': [ '7.25.9' ],
20 silly audit   '@babel/helper-plugin-utils': [ '7.26.5' ],
20 silly audit   '@babel/helper-remap-async-to-generator': [ '7.25.9' ],
20 silly audit   '@babel/helper-replace-supers': [ '7.26.5' ],
20 silly audit   '@babel/helper-skip-transparent-expression-wrappers': [ '7.25.9' ],
20 silly audit   '@babel/helper-string-parser': [ '7.25.9' ],
20 silly audit   '@babel/helper-validator-identifier': [ '7.25.9' ],
20 silly audit   '@babel/helper-validator-option': [ '7.25.9' ],
20 silly audit   '@babel/helper-wrap-function': [ '7.25.9' ],
20 silly audit   '@babel/helpers': [ '7.26.7' ],
20 silly audit   '@babel/highlight': [ '7.25.9' ],
20 silly audit   'ansi-styles': [ '3.2.1', '6.2.1', '4.3.0', '5.2.0' ],
20 silly audit   chalk: [ '2.4.2', '4.1.2' ],
20 silly audit   'color-convert': [ '1.9.3', '2.0.1' ],
20 silly audit   'color-name': [ '1.1.3', '1.1.4' ],
20 silly audit   'escape-string-regexp': [ '1.0.5', '4.0.0', '2.0.0' ],
20 silly audit   'has-flag': [ '3.0.0', '4.0.0' ],
20 silly audit   'supports-color': [ '5.5.0', '8.1.1', '7.2.0' ],
20 silly audit   '@babel/parser': [ '7.26.8' ],
20 silly audit   '@babel/plugin-bugfix-firefox-class-in-computed-class-key': [ '7.25.9' ],
20 silly audit   '@babel/plugin-bugfix-safari-class-field-initializer-scope': [ '7.25.9' ],
20 silly audit   '@babel/plugin-bugfix-safari-id-destructuring-collision-in-function-expression': [ '7.25.9' ],
20 silly audit   '@babel/plugin-bugfix-v8-spread-parameters-in-optional-chaining': [ '7.25.9' ],
20 silly audit   '@babel/plugin-bugfix-v8-static-class-fields-redefine-readonly': [ '7.25.9' ],
20 silly audit   '@babel/plugin-proposal-class-properties': [ '7.18.6' ],
20 silly audit   '@babel/plugin-proposal-decorators': [ '7.25.9' ],
20 silly audit   '@babel/plugin-proposal-export-default-from': [ '7.25.9' ],
20 silly audit   '@babel/plugin-proposal-nullish-coalescing-operator': [ '7.18.6' ],
20 silly audit   '@babel/plugin-proposal-optional-chaining': [ '7.21.0' ],
20 silly audit   '@babel/plugin-proposal-private-property-in-object': [ '7.21.0-placeholder-for-preset-env.2' ],
20 silly audit   '@babel/plugin-syntax-async-generators': [ '7.8.4' ],
20 silly audit   '@babel/plugin-syntax-bigint': [ '7.8.3' ],
20 silly audit   '@babel/plugin-syntax-class-properties': [ '7.12.13' ],
20 silly audit   '@babel/plugin-syntax-class-static-block': [ '7.14.5' ],
20 silly audit   '@babel/plugin-syntax-decorators': [ '7.25.9' ],
20 silly audit   '@babel/plugin-syntax-dynamic-import': [ '7.8.3' ],
20 silly audit   '@babel/plugin-syntax-export-default-from': [ '7.25.9' ],
20 silly audit   '@babel/plugin-syntax-flow': [ '7.26.0' ],
20 silly audit   '@babel/plugin-syntax-import-assertions': [ '7.26.0' ],
20 silly audit   '@babel/plugin-syntax-import-attributes': [ '7.26.0' ],
20 silly audit   '@babel/plugin-syntax-import-meta': [ '7.10.4' ],
20 silly audit   '@babel/plugin-syntax-json-strings': [ '7.8.3' ],
20 silly audit   '@babel/plugin-syntax-jsx': [ '7.25.9' ],
20 silly audit   '@babel/plugin-syntax-logical-assignment-operators': [ '7.10.4' ],
20 silly audit   '@babel/plugin-syntax-nullish-coalescing-operator': [ '7.8.3' ],
20 silly audit   '@babel/plugin-syntax-numeric-separator': [ '7.10.4' ],
20 silly audit   '@babel/plugin-syntax-object-rest-spread': [ '7.8.3' ],
20 silly audit   '@babel/plugin-syntax-optional-catch-binding': [ '7.8.3' ],
20 silly audit   '@babel/plugin-syntax-optional-chaining': [ '7.8.3' ],
20 silly audit   '@babel/plugin-syntax-private-property-in-object': [ '7.14.5' ],
20 silly audit   '@babel/plugin-syntax-top-level-await': [ '7.14.5' ],
20 silly audit   '@babel/plugin-syntax-typescript': [ '7.25.9' ],
20 silly audit   '@babel/plugin-syntax-unicode-sets-regex': [ '7.18.6' ],
20 silly audit   '@babel/plugin-transform-arrow-functions': [ '7.25.9' ],
20 silly audit   '@babel/plugin-transform-async-generator-functions': [ '7.26.8' ],
20 silly audit   '@babel/plugin-transform-async-to-generator': [ '7.25.9' ],
20 silly audit   '@babel/plugin-transform-block-scoped-functions': [ '7.26.5' ],
20 silly audit   '@babel/plugin-transform-block-scoping': [ '7.25.9' ],
20 silly audit   '@babel/plugin-transform-class-properties': [ '7.25.9' ],
20 silly audit   '@babel/plugin-transform-class-static-block': [ '7.26.0' ],
20 silly audit   '@babel/plugin-transform-classes': [ '7.25.9' ],
20 silly audit   '@babel/plugin-transform-computed-properties': [ '7.25.9' ],
20 silly audit   '@babel/plugin-transform-destructuring': [ '7.25.9' ],
20 silly audit   '@babel/plugin-transform-dotall-regex': [ '7.25.9' ],
20 silly audit   '@babel/plugin-transform-duplicate-keys': [ '7.25.9' ],
20 silly audit   '@babel/plugin-transform-duplicate-named-capturing-groups-regex': [ '7.25.9' ],
20 silly audit   '@babel/plugin-transform-dynamic-import': [ '7.25.9' ],
20 silly audit   '@babel/plugin-transform-exponentiation-operator': [ '7.26.3' ],
20 silly audit   '@babel/plugin-transform-export-namespace-from': [ '7.25.9' ],
20 silly audit   '@babel/plugin-transform-flow-strip-types': [ '7.26.5' ],
20 silly audit   '@babel/plugin-transform-for-of': [ '7.25.9' ],
20 silly audit   '@babel/plugin-transform-function-name': [ '7.25.9' ],
20 silly audit   '@babel/plugin-transform-json-strings': [ '7.25.9' ],
20 silly audit   '@babel/plugin-transform-literals': [ '7.25.9' ],
20 silly audit   '@babel/plugin-transform-logical-assignment-operators': [ '7.25.9' ],
20 silly audit   '@babel/plugin-transform-member-expression-literals': [ '7.25.9' ],
20 silly audit   '@babel/plugin-transform-modules-amd': [ '7.25.9' ],
20 silly audit   '@babel/plugin-transform-modules-commonjs': [ '7.26.3' ],
20 silly audit   '@babel/plugin-transform-modules-systemjs': [ '7.25.9' ],
20 silly audit   '@babel/plugin-transform-modules-umd': [ '7.25.9' ],
20 silly audit   '@babel/plugin-transform-named-capturing-groups-regex': [ '7.25.9' ],
20 silly audit   '@babel/plugin-transform-new-target': [ '7.25.9' ],
20 silly audit   '@babel/plugin-transform-nullish-coalescing-operator': [ '7.26.6' ],
20 silly audit   '@babel/plugin-transform-numeric-separator': [ '7.25.9' ],
20 silly audit   '@babel/plugin-transform-object-rest-spread': [ '7.25.9' ],
20 silly audit   '@babel/plugin-transform-object-super': [ '7.25.9' ],
20 silly audit   '@babel/plugin-transform-optional-catch-binding': [ '7.25.9' ],
20 silly audit   '@babel/plugin-transform-optional-chaining': [ '7.25.9' ],
20 silly audit   '@babel/plugin-transform-parameters': [ '7.25.9' ],
20 silly audit   '@babel/plugin-transform-private-methods': [ '7.25.9' ],
20 silly audit   '@babel/plugin-transform-private-property-in-object': [ '7.25.9' ],
20 silly audit   '@babel/plugin-transform-property-literals': [ '7.25.9' ],
20 silly audit   '@babel/plugin-transform-react-display-name': [ '7.25.9' ],
20 silly audit   '@babel/plugin-transform-react-jsx': [ '7.25.9' ],
20 silly audit   '@babel/plugin-transform-react-jsx-development': [ '7.25.9' ],
20 silly audit   '@babel/plugin-transform-react-jsx-self': [ '7.25.9' ],
20 silly audit   '@babel/plugin-transform-react-jsx-source': [ '7.25.9' ],
20 silly audit   '@babel/plugin-transform-react-pure-annotations': [ '7.25.9' ],
20 silly audit   '@babel/plugin-transform-regenerator': [ '7.25.9' ],
20 silly audit   '@babel/plugin-transform-regexp-modifiers': [ '7.26.0' ],
20 silly audit   '@babel/plugin-transform-reserved-words': [ '7.25.9' ],
20 silly audit   '@babel/plugin-transform-runtime': [ '7.26.8' ],
20 silly audit   '@babel/plugin-transform-shorthand-properties': [ '7.25.9' ],
20 silly audit   '@babel/plugin-transform-spread': [ '7.25.9' ],
20 silly audit   '@babel/plugin-transform-sticky-regex': [ '7.25.9' ],
20 silly audit   '@babel/plugin-transform-template-literals': [ '7.26.8' ],
20 silly audit   '@babel/plugin-transform-typeof-symbol': [ '7.26.7' ],
20 silly audit   '@babel/plugin-transform-typescript': [ '7.26.8' ],
20 silly audit   '@babel/plugin-transform-unicode-escapes': [ '7.25.9' ],
20 silly audit   '@babel/plugin-transform-unicode-property-regex': [ '7.25.9' ],
20 silly audit   '@babel/plugin-transform-unicode-regex': [ '7.25.9' ],
20 silly audit   '@babel/plugin-transform-unicode-sets-regex': [ '7.25.9' ],
20 silly audit   '@babel/preset-env': [ '7.26.8' ],
20 silly audit   'babel-plugin-polyfill-corejs3': [ '0.11.1', '0.10.6' ],
20 silly audit   '@babel/preset-flow': [ '7.25.9' ],
20 silly audit   '@babel/preset-modules': [ '0.1.6-no-external-plugins' ],
20 silly audit   '@babel/preset-react': [ '7.26.3' ],
20 silly audit   '@babel/preset-typescript': [ '7.26.0' ],
20 silly audit   '@babel/register': [ '7.25.9' ],
20 silly audit   '@babel/runtime': [ '7.26.7' ],
20 silly audit   '@babel/template': [ '7.26.8' ],
20 silly audit   '@babel/traverse': [ '7.26.8' ],
20 silly audit   '@babel/types': [ '7.26.8' ],
20 silly audit   '@egjs/hammerjs': [ '2.0.17' ],
20 silly audit   '@expo/bunyan': [ '4.0.1' ],
20 silly audit   '@expo/cli': [ '0.22.15' ],
20 silly audit   semver: [ '7.7.1', '5.7.2', '7.6.3', '6.3.1' ],
20 silly audit   '@expo/code-signing-certificates': [ '0.0.5' ],
20 silly audit   '@expo/config': [ '10.0.9' ],
20 silly audit   '@expo/config-plugins': [ '9.0.15' ],
20 silly audit   '@expo/config-types': [ '52.0.4' ],
20 silly audit   '@expo/devcert': [ '1.1.4' ],
20 silly audit   debug: [ '3.2.7', '2.6.9', '4.4.0' ],
20 silly audit   '@expo/env': [ '0.4.1' ],
20 silly audit   '@expo/fingerprint': [ '0.11.9' ],
20 silly audit   '@expo/image-utils': [ '0.6.4' ],
20 silly audit   'fs-extra': [ '9.0.0', '9.1.0', '8.1.0' ],
20 silly audit   jsonfile: [ '6.1.0', '4.0.0' ],
20 silly audit   universalify: [ '2.0.1', '1.0.0', '0.1.2' ],
20 silly audit   '@expo/json-file': [ '9.0.1' ],
20 silly audit   '@expo/metro-config': [ '0.19.9' ],
20 silly audit   '@expo/metro-runtime': [ '4.0.1' ],
20 silly audit   '@expo/osascript': [ '2.1.5' ],
20 silly audit   '@expo/package-manager': [ '1.7.1' ],
20 silly audit   'sudo-prompt': [ '9.1.1', '8.2.5' ],
20 silly audit   '@expo/plist': [ '0.2.1' ],
20 silly audit   '@expo/prebuild-config': [ '8.0.26' ],
20 silly audit   '@expo/rudder-sdk-node': [ '1.1.1' ],
20 silly audit   '@expo/sdk-runtime-versions': [ '1.0.0' ],
20 silly audit   '@expo/server': [ '0.5.1' ],
20 silly audit   '@expo/spawn-async': [ '1.7.2' ],
20 silly audit   '@expo/vector-icons': [ '14.0.4' ],
20 silly audit   '@expo/ws-tunnel': [ '1.0.6' ],
20 silly audit   '@expo/xcpretty': [ '4.3.2' ],
20 silly audit   argparse: [ '2.0.1', '1.0.10' ],
20 silly audit   'js-yaml': [ '4.1.0', '3.14.1' ],
20 silly audit   '@isaacs/cliui': [ '8.0.2' ],
20 silly audit   'wrap-ansi': [ '8.1.0', '7.0.0' ],
20 silly audit   '@isaacs/ttlcache': [ '1.4.1' ],
20 silly audit   '@istanbuljs/load-nyc-config': [ '1.1.0' ],
20 silly audit   'find-up': [ '4.1.0', '5.0.0', '3.0.0' ],
20 silly audit   'locate-path': [ '5.0.0', '6.0.0', '3.0.0' ],
20 silly audit   'p-limit': [ '2.3.0', '3.1.0' ],
20 silly audit   'p-locate': [ '4.1.0', '5.0.0', '3.0.0' ],
20 silly audit   '@istanbuljs/schema': [ '0.1.3' ],
20 silly audit   '@jest/create-cache-key-function': [ '29.7.0' ],
20 silly audit   '@jest/environment': [ '29.7.0' ],
20 silly audit   '@jest/fake-timers': [ '29.7.0' ],
20 silly audit   '@jest/schemas': [ '29.6.3' ],
20 silly audit   '@jest/transform': [ '29.7.0' ],
20 silly audit   'signal-exit': [ '3.0.7', '4.1.0' ],
20 silly audit   'write-file-atomic': [ '4.0.2', '2.4.3' ],
20 silly audit   '@jest/types': [ '29.6.3' ],
20 silly audit   '@jridgewell/gen-mapping': [ '0.3.8' ],
20 silly audit   '@jridgewell/resolve-uri': [ '3.1.2' ],
20 silly audit   '@jridgewell/set-array': [ '1.2.1' ],
20 silly audit   '@jridgewell/source-map': [ '0.3.6' ],
20 silly audit   '@jridgewell/sourcemap-codec': [ '1.5.0' ],
20 silly audit   '@jridgewell/trace-mapping': [ '0.3.25' ],
20 silly audit   '@lucide/lab': [ '0.1.2' ],
20 silly audit   '@nodelib/fs.scandir': [ '2.1.5' ],
20 silly audit   '@nodelib/fs.stat': [ '2.0.5' ],
20 silly audit   '@nodelib/fs.walk': [ '1.2.8' ],
20 silly audit   '@npmcli/fs': [ '3.1.1' ],
20 silly audit   '@pkgjs/parseargs': [ '0.11.0' ],
20 silly audit   '@radix-ui/react-compose-refs': [ '1.0.0' ],
20 silly audit   '@radix-ui/react-slot': [ '1.0.1' ],
20 silly audit   '@react-native/assets-registry': [ '0.76.6' ],
20 silly audit   '@react-native/babel-plugin-codegen': [ '0.76.7', '0.76.6' ],
20 silly audit   '@react-native/babel-preset': [ '0.76.7', '0.76.6' ],
20 silly audit   '@react-native/codegen': [ '0.76.7', '0.76.6' ],
20 silly audit   glob: [ '7.2.3', '10.4.5' ],
20 silly audit   '@react-native/community-cli-plugin': [ '0.76.6' ],
20 silly audit   '@react-native/debugger-frontend': [ '0.76.6', '0.76.7' ],
20 silly audit   '@react-native/dev-middleware': [ '0.76.6', '0.76.7' ],
20 silly audit   execa: [ '5.1.1', '1.0.0' ],
20 silly audit   'get-stream': [ '6.0.1', '4.1.0' ],
20 silly audit   'is-stream': [ '2.0.1', '1.1.0' ],
20 silly audit   'mimic-fn': [ '2.1.0', '1.2.0' ],
20 silly audit   ms: [ '2.0.0', '2.1.3' ],
20 silly audit   'npm-run-path': [ '4.0.1', '2.0.2' ],
20 silly audit   onetime: [ '5.1.2', '2.0.1' ],
20 silly audit   ws: [ '6.2.3', '7.5.10', '8.18.0' ],
20 silly audit   '@react-native/gradle-plugin': [ '0.76.6' ],
20 silly audit   '@react-native/js-polyfills': [ '0.76.6' ],
20 silly audit   '@react-native/metro-babel-transformer': [ '0.76.6' ],
20 silly audit   '@react-native/normalize-colors': [ '0.76.7', '0.74.89', '0.76.6' ],
20 silly audit   '@react-native/virtualized-lists': [ '0.76.6' ],
20 silly audit   '@react-navigation/bottom-tabs': [ '7.2.0' ],
20 silly audit   '@react-navigation/core': [ '7.3.1' ],
20 silly audit   '@react-navigation/elements': [ '2.2.5' ],
20 silly audit   '@react-navigation/native': [ '7.0.14' ],
20 silly audit   '@react-navigation/native-stack': [ '7.2.0' ],
20 silly audit   '@react-navigation/routers': [ '7.1.2' ],
20 silly audit   '@remix-run/node': [ '2.15.3' ],
20 silly audit   '@remix-run/router': [ '1.22.0' ],
20 silly audit   '@remix-run/server-runtime': [ '2.15.3' ],
20 silly audit   '@remix-run/web-blob': [ '3.1.0' ],
20 silly audit   '@remix-run/web-fetch': [ '4.4.2' ],
20 silly audit   '@remix-run/web-file': [ '3.1.0' ],
20 silly audit   '@remix-run/web-form-data': [ '3.1.0' ],
20 silly audit   '@remix-run/web-stream': [ '1.1.0' ],
20 silly audit   '@segment/loosely-validate-event': [ '2.0.0' ],
20 silly audit   '@sinclair/typebox': [ '0.27.8' ],
20 silly audit   '@sinonjs/commons': [ '3.0.1' ],
20 silly audit   '@sinonjs/fake-timers': [ '10.3.0' ],
20 silly audit   '@types/babel__core': [ '7.20.5' ],
20 silly audit   '@types/babel__generator': [ '7.6.8' ],
20 silly audit   '@types/babel__template': [ '7.4.4' ],
20 silly audit   '@types/babel__traverse': [ '7.20.6' ],
20 silly audit   '@types/cookie': [ '0.6.0' ],
20 silly audit   '@types/gensync': [ '1.0.4' ],
20 silly audit   '@types/graceful-fs': [ '4.1.9' ],
20 silly audit   '@types/hammerjs': [ '2.0.46' ],
20 silly audit   '@types/istanbul-lib-coverage': [ '2.0.6' ],
20 silly audit   '@types/istanbul-lib-report': [ '3.0.3' ],
20 silly audit   '@types/istanbul-reports': [ '3.0.4' ],
20 silly audit   '@types/json-schema': [ '7.0.15' ],
20 silly audit   '@types/node': [ '22.13.1' ],
20 silly audit   '@types/node-forge': [ '1.3.11' ],
20 silly audit   '@types/prop-types': [ '15.7.14' ],
20 silly audit   '@types/react': [ '18.3.18' ],
20 silly audit   '@types/stack-utils': [ '2.0.3' ],
20 silly audit   '@types/yargs': [ '17.0.33' ],
20 silly audit   '@types/yargs-parser': [ '21.0.3' ],
20 silly audit   '@urql/core': [ '5.1.0' ],
20 silly audit   '@urql/exchange-retry': [ '1.3.0' ],
20 silly audit   '@web3-storage/multipart-parser': [ '1.0.0' ],
20 silly audit   '@xmldom/xmldom': [ '0.7.13', '0.8.10' ],
20 silly audit   '@zxing/text-encoding': [ '0.9.0' ],
20 silly audit   'abort-controller': [ '3.0.0' ],
20 silly audit   accepts: [ '1.3.8' ],
20 silly audit   acorn: [ '8.14.0' ],
20 silly audit   'aggregate-error': [ '3.1.0' ],
20 silly audit   ajv: [ '8.17.1' ],
20 silly audit   'ajv-formats': [ '2.1.1' ],
20 silly audit   'ajv-keywords': [ '5.1.0' ],
20 silly audit   anser: [ '1.4.10' ],
20 silly audit   'ansi-escapes': [ '4.3.2' ],
20 silly audit   'ansi-regex': [ '5.0.1', '4.1.1', '6.1.0' ],
20 silly audit   'any-promise': [ '1.3.0' ],
20 silly audit   anymatch: [ '3.1.3' ],
20 silly audit   picomatch: [ '2.3.1', '3.0.1' ],
20 silly audit   'application-config-path': [ '0.1.1' ],
20 silly audit   arg: [ '5.0.2' ],
20 silly audit   'array-union': [ '2.1.0' ],
20 silly audit   asap: [ '2.0.6' ],
20 silly audit   'ast-types': [ '0.15.2' ],
20 silly audit   'async-limiter': [ '1.0.1' ],
20 silly audit   asynckit: [ '0.4.0' ],
20 silly audit   'at-least-node': [ '1.0.0' ],
20 silly audit   'available-typed-arrays': [ '1.0.7' ],
20 silly audit   'babel-core': [ '7.0.0-bridge.0' ],
20 silly audit   'babel-jest': [ '29.7.0' ],
20 silly audit   'babel-plugin-istanbul': [ '6.1.1' ],
20 silly audit   'babel-plugin-jest-hoist': [ '29.6.3' ],
20 silly audit   'babel-plugin-polyfill-corejs2': [ '0.4.12' ],
20 silly audit   'babel-plugin-polyfill-regenerator': [ '0.6.3' ],
20 silly audit   'babel-plugin-react-native-web': [ '0.19.13' ],
20 silly audit   'babel-plugin-syntax-hermes-parser': [ '0.25.1', '0.23.1' ],
20 silly audit   'hermes-estree': [ '0.25.1', '0.23.1' ],
20 silly audit   'hermes-parser': [ '0.25.1', '0.23.1' ],
20 silly audit   'babel-plugin-transform-flow-enums': [ '0.0.2' ],
20 silly audit   'babel-preset-current-node-syntax': [ '1.1.0' ],
20 silly audit   'babel-preset-expo': [ '12.0.7' ],
20 silly audit   'babel-preset-jest': [ '29.6.3' ],
20 silly audit   'balanced-match': [ '1.0.2' ],
20 silly audit   'base64-js': [ '1.5.1' ],
20 silly audit   'better-opn': [ '3.0.2' ],
20 silly audit   open: [ '8.4.2', '7.4.2' ],
20 silly audit   'big-integer': [ '1.6.52' ],
20 silly audit   boolbase: [ '1.0.0' ],
20 silly audit   'bplist-creator': [ '0.0.7', '0.1.0' ],
20 silly audit   'bplist-parser': [ '0.3.2', '0.3.1' ],
20 silly audit   'brace-expansion': [ '1.1.11', '2.0.1' ],
20 silly audit   braces: [ '3.0.3' ],
20 silly audit   browserslist: [ '4.24.4' ],
20 silly audit   bser: [ '2.1.1' ],
20 silly audit   buffer: [ '5.7.1' ],
20 silly audit   'buffer-alloc': [ '1.2.0' ],
20 silly audit   'buffer-alloc-unsafe': [ '1.1.0' ],
20 silly audit   'buffer-fill': [ '1.0.0' ],
20 silly audit   'buffer-from': [ '1.1.2' ],
20 silly audit   bytes: [ '3.1.2' ],
20 silly audit   cacache: [ '18.0.4' ],
20 silly audit   'lru-cache': [ '10.4.3', '5.1.1' ],
20 silly audit   'call-bind': [ '1.0.8' ],
20 silly audit   'call-bind-apply-helpers': [ '1.0.1' ],
20 silly audit   'call-bound': [ '1.0.3' ],
20 silly audit   'caller-callsite': [ '2.0.0' ],
20 silly audit   'caller-path': [ '2.0.0' ],
20 silly audit   callsites: [ '2.0.0' ],
20 silly audit   camelcase: [ '5.3.1', '6.3.0' ],
20 silly audit   'caniuse-lite': [ '1.0.30001699' ],
20 silly audit   charenc: [ '0.0.2' ],
20 silly audit   chownr: [ '2.0.0' ],
20 silly audit   'chrome-launcher': [ '0.15.2' ],
20 silly audit   'chromium-edge-launcher': [ '0.2.0' ],
20 silly audit   mkdirp: [ '1.0.4', '0.5.6' ],
20 silly audit   'ci-info': [ '3.9.0', '2.0.0' ],
20 silly audit   'clean-stack': [ '2.2.0' ],
20 silly audit   'cli-cursor': [ '2.1.0' ],
20 silly audit   'cli-spinners': [ '2.9.2' ],
20 silly audit   'client-only': [ '0.0.1' ],
20 silly audit   cliui: [ '8.0.1' ],
20 silly audit   'emoji-regex': [ '8.0.0', '9.2.2' ],
20 silly audit   'string-width': [ '4.2.3', '5.1.2' ],
20 silly audit   'strip-ansi': [ '6.0.1', '5.2.0', '7.1.0' ],
20 silly audit   clone: [ '1.0.4' ],
20 silly audit   'clone-deep': [ '4.0.1' ],
20 silly audit   color: [ '4.2.3' ],
20 silly audit   'color-string': [ '1.9.1' ],
20 silly audit   'combined-stream': [ '1.0.8' ],
20 silly audit   'command-exists': [ '1.2.9' ],
20 silly audit   commander: [ '7.2.0', '12.1.0', '4.1.1', '2.20.3' ],
20 silly audit   commondir: [ '1.0.1' ],
20 silly audit   'component-type': [ '1.2.2' ],
20 silly audit   compressible: [ '2.0.18' ],
20 silly audit   compression: [ '1.8.0' ],
20 silly audit   negotiator: [ '0.6.4', '0.6.3' ],
20 silly audit   'concat-map': [ '0.0.1' ],
20 silly audit   connect: [ '3.7.0' ],
20 silly audit   'convert-source-map': [ '2.0.0' ],
20 silly audit   cookie: [ '0.6.0' ],
20 silly audit   'cookie-signature': [ '1.2.2' ],
20 silly audit   'core-js-compat': [ '3.40.0' ],
20 silly audit   cosmiconfig: [ '5.2.1' ],
20 silly audit   'cross-fetch': [ '3.2.0' ],
20 silly audit   'cross-spawn': [ '7.0.6', '6.0.6' ],
20 silly audit   crypt: [ '0.0.2' ],
20 silly audit   'crypto-random-string': [ '2.0.0' ],
20 silly audit   'css-in-js-utils': [ '3.1.0' ],
20 silly audit   'css-select': [ '5.1.0' ],
20 silly audit   'css-tree': [ '1.1.3' ],
20 silly audit   'source-map': [ '0.6.1', '0.5.7', '0.7.4' ],
20 silly audit   'css-what': [ '6.1.0' ],
20 silly audit   csstype: [ '3.1.3' ],
20 silly audit   'data-uri-to-buffer': [ '3.0.1' ],
20 silly audit   'decode-uri-component': [ '0.2.2' ],
20 silly audit   'deep-extend': [ '0.6.0' ],
20 silly audit   deepmerge: [ '4.3.1' ],
20 silly audit   'default-gateway': [ '4.2.0' ],
20 silly audit   defaults: [ '1.0.4' ],
20 silly audit   'define-data-property': [ '1.1.4' ],
20 silly audit   'define-lazy-prop': [ '2.0.0' ],
20 silly audit   del: [ '6.1.1' ],
20 silly audit   'delayed-stream': [ '1.0.0' ],
20 silly audit   depd: [ '2.0.0' ],
20 silly audit   destroy: [ '1.2.0' ],
20 silly audit   'detect-libc': [ '1.0.3' ],
20 silly audit   'dir-glob': [ '3.0.1' ],
20 silly audit   'dom-serializer': [ '2.0.0' ],
20 silly audit   domelementtype: [ '2.3.0' ],
20 silly audit   domhandler: [ '5.0.3' ],
20 silly audit   domutils: [ '3.2.2' ],
20 silly audit   dotenv: [ '16.4.7' ],
20 silly audit   'dotenv-expand': [ '11.0.7' ],
20 silly audit   'dunder-proto': [ '1.0.1' ],
20 silly audit   eastasianwidth: [ '0.2.0' ],
20 silly audit   'ee-first': [ '1.1.1' ],
20 silly audit   'electron-to-chromium': [ '1.5.97' ],
20 silly audit   encodeurl: [ '1.0.2', '2.0.0' ],
20 silly audit   'end-of-stream': [ '1.4.4' ],
20 silly audit   entities: [ '4.5.0' ],
20 silly audit   'env-editor': [ '0.4.2' ],
20 silly audit   eol: [ '0.9.1' ],
20 silly audit   'error-ex': [ '1.3.2' ],
20 silly audit   'error-stack-parser': [ '2.1.4' ],
20 silly audit   'es-define-property': [ '1.0.1' ],
20 silly audit   'es-errors': [ '1.3.0' ],
20 silly audit   'es-object-atoms': [ '1.1.1' ],
20 silly audit   escalade: [ '3.2.0' ],
20 silly audit   'escape-html': [ '1.0.3' ],
20 silly audit   esprima: [ '4.0.1' ],
20 silly audit   esutils: [ '2.0.3' ],
20 silly audit   etag: [ '1.8.1' ],
20 silly audit   'event-target-shim': [ '5.0.1' ],
20 silly audit   'exec-async': [ '2.2.0' ],
20 silly audit   'path-key': [ '2.0.1', '3.1.1' ],
20 silly audit   'shebang-command': [ '1.2.0', '2.0.0' ],
20 silly audit   'shebang-regex': [ '1.0.0', '3.0.0' ],
20 silly audit   which: [ '1.3.1', '2.0.2' ],
20 silly audit   expo: [ '52.0.33' ],
20 silly audit   'expo-asset': [ '11.0.3' ],
20 silly audit   'expo-blur': [ '14.0.3' ],
20 silly audit   'expo-camera': [ '16.0.18' ],
20 silly audit   'expo-constants': [ '17.0.5' ],
20 silly audit   'expo-file-system': [ '18.0.10' ],
20 silly audit   'expo-font': [ '13.0.3' ],
20 silly audit   'expo-haptics': [ '14.0.1' ],
20 silly audit   'expo-keep-awake': [ '14.0.2' ],
20 silly audit   'expo-linear-gradient': [ '14.0.2' ],
20 silly audit   'expo-linking': [ '7.0.5' ],
20 silly audit   'expo-modules-autolinking': [ '2.0.7' ],
20 silly audit   'expo-modules-core': [ '2.2.1' ],
20 silly audit   'expo-router': [ '4.0.17' ],
20 silly audit   'expo-splash-screen': [ '0.29.21' ],
20 silly audit   'expo-status-bar': [ '2.0.1' ],
20 silly audit   'expo-symbols': [ '0.2.2' ],
20 silly audit   'expo-system-ui': [ '4.0.8' ],
20 silly audit   'expo-web-browser': [ '14.0.2' ],
20 silly audit   'exponential-backoff': [ '3.1.2' ],
20 silly audit   'fast-deep-equal': [ '3.1.3' ],
20 silly audit   'fast-glob': [ '3.3.3' ],
20 silly audit   'fast-json-stable-stringify': [ '2.1.0' ],
20 silly audit   'fast-loops': [ '1.1.4' ],
20 silly audit   'fast-uri': [ '3.0.6' ],
20 silly audit   fastq: [ '1.19.0' ],
20 silly audit   'fb-watchman': [ '2.0.2' ],
20 silly audit   fbemitter: [ '3.0.0' ],
20 silly audit   fbjs: [ '3.0.5' ],
20 silly audit   'fbjs-css-vars': [ '1.0.2' ],
20 silly audit   'fetch-retry': [ '4.1.1' ],
20 silly audit   'fill-range': [ '7.1.1' ],
20 silly audit   'filter-obj': [ '1.1.0' ],
20 silly audit   finalhandler: [ '1.1.2' ],
20 silly audit   'find-cache-dir': [ '2.1.0' ],
20 silly audit   'flow-enums-runtime': [ '0.0.6' ],
20 silly audit   'flow-parser': [ '0.260.0' ],
20 silly audit   fontfaceobserver: [ '2.3.0' ],
20 silly audit   'for-each': [ '0.3.5' ],
20 silly audit   'foreground-child': [ '3.3.0' ],
20 silly audit   'form-data': [ '3.0.2' ],
20 silly audit   'freeport-async': [ '2.0.0' ],
20 silly audit   fresh: [ '0.5.2' ],
20 silly audit   'fs-minipass': [ '3.0.3', '2.1.0' ],
20 silly audit   'fs.realpath': [ '1.0.0' ],
20 silly audit   fsevents: [ '2.3.3' ],
20 silly audit   'function-bind': [ '1.1.2' ],
20 silly audit   gensync: [ '1.0.0-beta.2' ],
20 silly audit   'get-caller-file': [ '2.0.5' ],
20 silly audit   'get-intrinsic': [ '1.2.7' ],
20 silly audit   'get-package-type': [ '0.1.0' ],
20 silly audit   'get-port': [ '3.2.0' ],
20 silly audit   'get-proto': [ '1.0.1' ],
20 silly audit   getenv: [ '1.0.0' ],
20 silly audit   'glob-parent': [ '5.1.2' ],
20 silly audit   minimatch: [ '9.0.5', '3.1.2' ],
20 silly audit   globals: [ '11.12.0' ],
20 silly audit   globby: [ '11.1.0' ],
20 silly audit   gopd: [ '1.2.0' ],
20 silly audit   'graceful-fs': [ '4.2.11' ],
20 silly audit   'has-property-descriptors': [ '1.0.2' ],
20 silly audit   'has-symbols': [ '1.1.0' ],
20 silly audit   'has-tostringtag': [ '1.0.2' ],
20 silly audit   hasown: [ '2.0.2' ],
20 silly audit   'hoist-non-react-statics': [ '3.3.2' ],
20 silly audit   'react-is': [ '16.13.1', '18.3.1' ],
20 silly audit   'hosted-git-info': [ '7.0.2' ],
20 silly audit   'http-errors': [ '2.0.0' ],
20 silly audit   statuses: [ '2.0.1', '1.5.0' ],
20 silly audit   'human-signals': [ '2.1.0' ],
20 silly audit   'hyphenate-style-name': [ '1.1.0' ],
20 silly audit   ieee754: [ '1.2.1' ],
20 silly audit   ignore: [ '5.3.2' ],
20 silly audit   'image-size': [ '1.2.0' ],
20 silly audit   'import-fresh': [ '2.0.0' ],
20 silly audit   'resolve-from': [ '3.0.0', '5.0.0' ],
20 silly audit   imurmurhash: [ '0.1.4' ],
20 silly audit   'indent-string': [ '4.0.0' ],
20 silly audit   inflight: [ '1.0.6' ],
20 silly audit   inherits: [ '2.0.4' ],
20 silly audit   ini: [ '1.3.8' ],
20 silly audit   'inline-style-prefixer': [ '6.0.4' ],
20 silly audit   'internal-ip': [ '4.3.0' ],
20 silly audit   invariant: [ '2.2.4' ],
20 silly audit   'ip-regex': [ '2.1.0' ],
20 silly audit   'ipaddr.js': [ '1.9.1' ],
20 silly audit   'is-arguments': [ '1.2.0' ],
20 silly audit   'is-arrayish': [ '0.2.1', '0.3.2' ],
20 silly audit   'is-buffer': [ '1.1.6' ],
20 silly audit   'is-callable': [ '1.2.7' ],
20 silly audit   'is-core-module': [ '2.16.1' ],
20 silly audit   'is-directory': [ '0.3.1' ],
20 silly audit   'is-docker': [ '2.2.1' ],
20 silly audit   'is-extglob': [ '2.1.1' ],
20 silly audit   'is-fullwidth-code-point': [ '3.0.0' ],
20 silly audit   'is-generator-function': [ '1.1.0' ],
20 silly audit   'is-glob': [ '4.0.3' ],
20 silly audit   'is-number': [ '7.0.0' ],
20 silly audit   'is-path-cwd': [ '2.2.0' ],
20 silly audit   'is-path-inside': [ '3.0.3' ],
20 silly audit   'is-plain-object': [ '2.0.4' ],
20 silly audit   'is-regex': [ '1.2.1' ],
20 silly audit   'is-typed-array': [ '1.1.15' ],
20 silly audit   'is-wsl': [ '2.2.0' ],
20 silly audit   isexe: [ '2.0.0' ],
20 silly audit   isobject: [ '3.0.1' ],
20 silly audit   'istanbul-lib-coverage': [ '3.2.2' ],
20 silly audit   'istanbul-lib-instrument': [ '5.2.1' ],
20 silly audit   jackspeak: [ '3.4.3' ],
20 silly audit   'jest-environment-node': [ '29.7.0' ],
20 silly audit   'jest-get-type': [ '29.6.3' ],
20 silly audit   'jest-haste-map': [ '29.7.0' ],
20 silly audit   'jest-message-util': [ '29.7.0' ],
20 silly audit   'jest-mock': [ '29.7.0' ],
20 silly audit   'jest-regex-util': [ '29.6.3' ],
20 silly audit   'jest-util': [ '29.7.0' ],
20 silly audit   'jest-validate': [ '29.7.0' ],
20 silly audit   'jest-worker': [ '29.7.0' ],
20 silly audit   'jimp-compact': [ '0.16.1' ],
20 silly audit   'join-component': [ '1.1.0' ],
20 silly audit   'js-tokens': [ '4.0.0' ],
20 silly audit   'jsc-android': [ '250231.0.0' ],
20 silly audit   'jsc-safe-url': [ '0.2.4' ],
20 silly audit   jscodeshift: [ '0.14.0' ],
20 silly audit   jsesc: [ '3.1.0', '3.0.2' ],
20 silly audit   'json-parse-better-errors': [ '1.0.2' ],
20 silly audit   'json-schema-traverse': [ '1.0.0' ],
20 silly audit   json5: [ '2.2.3' ],
20 silly audit   'kind-of': [ '6.0.3' ],
20 silly audit   kleur: [ '3.0.3' ],
20 silly audit   leven: [ '3.1.0' ],
20 silly audit   'lighthouse-logger': [ '1.4.2' ],
20 silly audit   lightningcss: [ '1.27.0' ],
20 silly audit   'lightningcss-darwin-arm64': [ '1.27.0' ],
20 silly audit   'lightningcss-darwin-x64': [ '1.27.0' ],
20 silly audit   'lightningcss-freebsd-x64': [ '1.27.0' ],
20 silly audit   'lightningcss-linux-arm-gnueabihf': [ '1.27.0' ],
20 silly audit   'lightningcss-linux-arm64-gnu': [ '1.27.0' ],
20 silly audit   'lightningcss-linux-arm64-musl': [ '1.27.0' ],
20 silly audit   'lightningcss-linux-x64-gnu': [ '1.27.0' ],
20 silly audit   'lightningcss-linux-x64-musl': [ '1.27.0' ],
20 silly audit   'lightningcss-win32-arm64-msvc': [ '1.27.0' ],
20 silly audit   'lightningcss-win32-x64-msvc': [ '1.27.0' ],
20 silly audit   'lines-and-columns': [ '1.2.4' ],
20 silly audit   lodash: [ '4.17.21' ],
20 silly audit   'lodash.debounce': [ '4.0.8' ],
20 silly audit   'lodash.throttle': [ '4.1.1' ],
20 silly audit   'log-symbols': [ '2.2.0' ],
20 silly audit   'loose-envify': [ '1.4.0' ],
20 silly audit   'lucide-react-native': [ '0.475.0' ],
20 silly audit   'make-dir': [ '2.1.0' ],
20 silly audit   makeerror: [ '1.0.12' ],
20 silly audit   marky: [ '1.2.5' ],
20 silly audit   'math-intrinsics': [ '1.1.0' ],
20 silly audit   md5: [ '2.3.0' ],
20 silly audit   'md5-file': [ '3.2.3' ],
20 silly audit   'mdn-data': [ '2.0.14' ],
20 silly audit   'memoize-one': [ '5.2.1', '6.0.0' ],
20 silly audit   'merge-stream': [ '2.0.0' ],
20 silly audit   merge2: [ '1.4.1' ],
20 silly audit   metro: [ '0.81.1' ],
20 silly audit   'metro-babel-transformer': [ '0.81.1' ],
20 silly audit   'metro-cache': [ '0.81.1' ],
20 silly audit   'metro-cache-key': [ '0.81.1' ],
20 silly audit   'metro-config': [ '0.81.1' ],
20 silly audit   'metro-core': [ '0.81.1' ],
20 silly audit   'metro-file-map': [ '0.81.1' ],
20 silly audit   'metro-minify-terser': [ '0.81.1' ],
20 silly audit   'metro-resolver': [ '0.81.1' ],
20 silly audit   'metro-runtime': [ '0.81.1' ],
20 silly audit   'metro-source-map': [ '0.81.1' ],
20 silly audit   'metro-symbolicate': [ '0.81.1' ],
20 silly audit   'metro-transform-plugins': [ '0.81.1' ],
20 silly audit   'metro-transform-worker': [ '0.81.1' ],
20 silly audit   micromatch: [ '4.0.8' ],
20 silly audit   mime: [ '1.6.0' ],
20 silly audit   'mime-db': [ '1.53.0', '1.52.0' ],
20 silly audit   'mime-types': [ '2.1.35' ],
20 silly audit   minimist: [ '1.2.8' ],
20 silly audit   minipass: [ '7.1.2', '3.3.6', '5.0.0' ],
20 silly audit   'minipass-collect': [ '2.0.1' ],
20 silly audit   'minipass-flush': [ '1.0.5' ],
20 silly audit   yallist: [ '4.0.0', '3.1.1' ],
20 silly audit   'minipass-pipeline': [ '1.2.4' ],
20 silly audit   minizlib: [ '2.1.2' ],
20 silly audit   mrmime: [ '1.0.1' ],
20 silly audit   mz: [ '2.7.0' ],
20 silly audit   nanoid: [ '3.3.8' ],
20 silly audit   'neo-async': [ '2.6.2' ],
20 silly audit   'nested-error-stacks': [ '2.0.1' ],
20 silly audit   'nice-try': [ '1.0.5' ],
20 silly audit   'node-dir': [ '0.1.17' ],
20 silly audit   'node-fetch': [ '2.7.0' ],
20 silly audit   'node-forge': [ '1.3.1' ],
20 silly audit   'node-int64': [ '0.4.0' ],
20 silly audit   'node-releases': [ '2.0.19' ],
20 silly audit   'normalize-path': [ '3.0.0' ],
20 silly audit   'npm-package-arg': [ '11.0.3' ],
20 silly audit   'nth-check': [ '2.1.1' ],
20 silly audit   nullthrows: [ '1.1.1' ],
20 silly audit   ob1: [ '0.81.1' ],
20 silly audit   'object-assign': [ '4.1.1' ],
20 silly audit   'on-finished': [ '2.3.0', '2.4.1' ],
20 silly audit   'on-headers': [ '1.0.2' ],
20 silly audit   once: [ '1.4.0' ],
20 silly audit   ora: [ '3.4.0' ],
20 silly audit   'os-tmpdir': [ '1.0.2' ],
20 silly audit   'p-finally': [ '1.0.0' ],
20 silly audit   'p-map': [ '4.0.0' ],
20 silly audit   'p-try': [ '2.2.0' ],
20 silly audit   'package-json-from-dist': [ '1.0.1' ],
20 silly audit   'parse-json': [ '4.0.0' ],
20 silly audit   'parse-png': [ '2.1.0' ],
20 silly audit   parseurl: [ '1.3.3' ],
20 silly audit   'password-prompt': [ '1.1.3' ],
20 silly audit   'path-exists': [ '4.0.0', '3.0.0' ],
20 silly audit   'path-is-absolute': [ '1.0.1' ],
20 silly audit   'path-parse': [ '1.0.7' ],
20 silly audit   'path-scurry': [ '1.11.1' ],
20 silly audit   'path-type': [ '4.0.0' ],
20 silly audit   picocolors: [ '1.1.1' ],
20 silly audit   pify: [ '4.0.1' ],
20 silly audit   pirates: [ '4.0.6' ],
20 silly audit   'pkg-dir': [ '3.0.0' ],
20 silly audit   plist: [ '3.1.0' ],
20 silly audit   xmlbuilder: [ '15.1.1', '11.0.1', '14.0.0' ],
20 silly audit   pngjs: [ '3.4.0' ],
20 silly audit   'possible-typed-array-names': [ '1.1.0' ],
20 silly audit   postcss: [ '8.4.49' ],
20 silly audit   'postcss-value-parser': [ '4.2.0' ],
20 silly audit   'pretty-bytes': [ '5.6.0' ],
20 silly audit   'pretty-format': [ '29.7.0' ],
20 silly audit   'proc-log': [ '4.2.0' ],
20 silly audit   progress: [ '2.0.3' ],
20 silly audit   promise: [ '7.3.1', '8.3.0' ],
20 silly audit   prompts: [ '2.4.2' ],
20 silly audit   'prop-types': [ '15.8.1' ],
20 silly audit   pump: [ '3.0.2' ],
20 silly audit   punycode: [ '2.3.1' ],
20 silly audit   'qrcode-terminal': [ '0.11.0' ],
20 silly audit   'query-string': [ '7.1.3' ],
20 silly audit   queue: [ '6.0.2' ],
20 silly audit   'queue-microtask': [ '1.2.3' ],
20 silly audit   'range-parser': [ '1.2.1' ],
20 silly audit   rc: [ '1.2.8' ],
20 silly audit   react: [ '18.3.1' ],
20 silly audit   'react-devtools-core': [ '5.3.2' ],
20 silly audit   'react-dom': [ '18.3.1' ],
20 silly audit   'react-fast-compare': [ '3.2.2' ],
20 silly audit   'react-freeze': [ '1.0.4' ],
20 silly audit   'react-helmet-async': [ '1.3.0' ],
20 silly audit   'react-native': [ '0.76.6' ],
20 silly audit   'react-native-gesture-handler': [ '2.23.1' ],
20 silly audit   'react-native-helmet-async': [ '2.0.4' ],
20 silly audit   'react-native-is-edge-to-edge': [ '1.1.6' ],
20 silly audit   'react-native-reanimated': [ '3.16.7' ],
20 silly audit   'react-native-safe-area-context': [ '4.12.0' ],
20 silly audit   'react-native-screens': [ '4.6.0' ],
20 silly audit   'react-native-svg': [ '15.11.1' ],
20 silly audit   'react-native-url-polyfill': [ '2.0.0' ],
20 silly audit   'react-native-web': [ '0.19.13' ],
20 silly audit   'react-native-webview': [ '13.12.5' ],
20 silly audit   'regenerator-runtime': [ '0.13.11', '0.14.1' ],
20 silly audit   scheduler: [ '0.24.0-canary-efb381bbf-20230505', '0.23.2' ],
20 silly audit   'react-refresh': [ '0.14.2' ],
20 silly audit   readline: [ '1.3.0' ],
20 silly audit   recast: [ '0.21.5' ],
20 silly audit   regenerate: [ '1.4.2' ],
20 silly audit   'regenerate-unicode-properties': [ '10.2.0' ],
20 silly audit   'regenerator-transform': [ '0.15.2' ],
20 silly audit   'regexpu-core': [ '6.2.0' ],
20 silly audit   regjsgen: [ '0.8.0' ],
20 silly audit   regjsparser: [ '0.12.0' ],
20 silly audit   'remove-trailing-slash': [ '0.1.1' ],
20 silly audit   'require-directory': [ '2.1.1' ],
20 silly audit   'require-from-string': [ '2.0.2' ],
20 silly audit   requireg: [ '0.2.2' ],
20 silly audit   resolve: [ '1.7.1', '1.22.10' ],
20 silly audit   'resolve-workspace-root': [ '2.0.0' ],
20 silly audit   'resolve.exports': [ '2.0.3' ],
20 silly audit   'restore-cursor': [ '2.0.0' ],
20 silly audit   reusify: [ '1.0.4' ],
20 silly audit   rimraf: [ '3.0.2', '2.6.3' ],
20 silly audit   'run-parallel': [ '1.2.0' ],
20 silly audit   'safe-buffer': [ '5.2.1' ],
20 silly audit   'safe-regex-test': [ '1.1.0' ],
20 silly audit   sax: [ '1.4.1' ],
20 silly audit   'schema-utils': [ '4.3.0' ],
20 silly audit   selfsigned: [ '2.4.1' ],
20 silly audit   send: [ '0.19.1', '0.19.0' ],
20 silly audit   'serialize-error': [ '2.1.0' ],
20 silly audit   'serve-static': [ '1.16.2' ],
20 silly audit   'server-only': [ '0.0.1' ],
20 silly audit   'set-cookie-parser': [ '2.7.1' ],
20 silly audit   'set-function-length': [ '1.2.2' ],
20 silly audit   setimmediate: [ '1.0.5' ],
20 silly audit   setprototypeof: [ '1.2.0' ],
20 silly audit   'sf-symbols-typescript': [ '2.1.0' ],
20 silly audit   'shallow-clone': [ '3.0.1' ],
20 silly audit   shallowequal: [ '1.1.0' ],
20 silly audit   'shell-quote': [ '1.8.2' ],
20 silly audit   'simple-plist': [ '1.3.1' ],
20 silly audit   'simple-swizzle': [ '0.2.2' ],
20 silly audit   sisteransi: [ '1.0.5' ],
20 silly audit   slash: [ '3.0.0' ],
20 silly audit   slugify: [ '1.6.6' ],
20 silly audit   'source-map-js': [ '1.2.1' ],
20 silly audit   'source-map-support': [ '0.5.21' ],
20 silly audit   split: [ '1.0.1' ],
20 silly audit   'split-on-first': [ '1.1.0' ],
20 silly audit   'sprintf-js': [ '1.0.3' ],
20 silly audit   ssri: [ '10.0.6' ],
20 silly audit   'stack-utils': [ '2.0.6' ],
20 silly audit   stackframe: [ '1.3.4' ],
20 silly audit   'stacktrace-parser': [ '0.1.10' ],
20 silly audit   'type-fest': [ '0.7.1', '0.16.0', '0.21.3' ],
20 silly audit   'stream-buffers': [ '2.2.0' ],
20 silly audit   'stream-slice': [ '0.1.2' ],
20 silly audit   'strict-uri-encode': [ '2.0.0' ],
20 silly audit   'strip-eof': [ '1.0.0' ],
20 silly audit   'strip-final-newline': [ '2.0.0' ],
20 silly audit   'strip-json-comments': [ '2.0.1' ],
20 silly audit   'structured-headers': [ '0.4.1' ],
20 silly audit   styleq: [ '0.1.3' ],
20 silly audit   sucrase: [ '3.35.0' ],
20 silly audit   'supports-hyperlinks': [ '2.3.0' ],
20 silly audit   'supports-preserve-symlinks-flag': [ '1.0.0' ],
20 silly audit   tar: [ '6.2.1' ],
20 silly audit   temp: [ '0.8.4' ],
20 silly audit   'temp-dir': [ '2.0.0' ],
20 silly audit   tempy: [ '0.7.1' ],
20 silly audit   'terminal-link': [ '2.1.1' ],
20 silly audit   terser: [ '5.38.2' ],
20 silly audit   'test-exclude': [ '6.0.0' ],
20 silly audit   thenify: [ '3.3.1' ],
20 silly audit   'thenify-all': [ '1.6.0' ],
20 silly audit   throat: [ '5.0.0' ],
20 silly audit   through: [ '2.3.8' ],
20 silly audit   tmp: [ '0.0.33' ],
20 silly audit   tmpl: [ '1.0.5' ],
20 silly audit   'to-regex-range': [ '5.0.1' ],
20 silly audit   toidentifier: [ '1.0.1' ],
20 silly audit   tr46: [ '0.0.3' ],
20 silly audit   'ts-interface-checker': [ '0.1.13' ],
20 silly audit   tslib: [ '2.8.1' ],
20 silly audit   'turbo-stream': [ '2.4.0' ],
20 silly audit   'type-detect': [ '4.0.8' ],
20 silly audit   typescript: [ '5.7.3' ],
20 silly audit   'ua-parser-js': [ '1.0.40' ],
20 silly audit   undici: [ '6.21.1' ],
20 silly audit   'undici-types': [ '6.20.0' ],
20 silly audit   'unicode-canonical-property-names-ecmascript': [ '2.0.1' ],
20 silly audit   'unicode-match-property-ecmascript': [ '2.0.0' ],
20 silly audit   'unicode-match-property-value-ecmascript': [ '2.2.0' ],
20 silly audit   'unicode-property-aliases-ecmascript': [ '2.1.0' ],
20 silly audit   'unique-filename': [ '3.0.0' ],
20 silly audit   'unique-slug': [ '4.0.0' ],
20 silly audit   'unique-string': [ '2.0.0' ],
20 silly audit   unpipe: [ '1.0.0' ],
20 silly audit   'update-browserslist-db': [ '1.1.2' ],
20 silly audit   'use-latest-callback': [ '0.2.3' ],
20 silly audit   'use-sync-external-store': [ '1.4.0' ],
20 silly audit   util: [ '0.12.5' ],
20 silly audit   'utils-merge': [ '1.0.1' ],
20 silly audit   uuid: [ '8.3.2', '7.0.3' ],
20 silly audit   'validate-npm-package-name': [ '5.0.1' ],
20 silly audit   vary: [ '1.1.2' ],
20 silly audit   vlq: [ '1.0.1' ],
20 silly audit   walker: [ '1.0.8' ],
20 silly audit   'warn-once': [ '0.1.1' ],
20 silly audit   wcwidth: [ '1.0.1' ],
20 silly audit   'web-encoding': [ '1.1.5' ],
20 silly audit   'web-streams-polyfill': [ '3.3.3' ],
20 silly audit   'webidl-conversions': [ '3.0.1', '5.0.0' ],
20 silly audit   'whatwg-fetch': [ '3.6.20' ],
20 silly audit   'whatwg-url': [ '5.0.0' ],
20 silly audit   'whatwg-url-without-unicode': [ '8.0.0-3' ],
20 silly audit   'which-typed-array': [ '1.1.18' ],
20 silly audit   wonka: [ '6.3.4' ],
20 silly audit   wrappy: [ '1.0.2' ],
20 silly audit   xcode: [ '3.0.1' ],
20 silly audit   xml2js: [ '0.6.0' ],
20 silly audit   y18n: [ '5.0.8' ],
20 silly audit   yargs: [ '17.7.2' ],
20 silly audit   'yargs-parser': [ '21.1.1' ],
20 silly audit   'yocto-queue': [ '0.1.0' ],
20 silly audit   '@expo-google-fonts/inter': [ '0.3.0' ]
20 silly audit }
21 verbose reify failed optional dependency /home/user/node_modules/lightningcss-win32-x64-msvc
22 silly reify mark deleted [ '/home/user/node_modules/lightningcss-win32-x64-msvc' ]
23 verbose reify failed optional dependency /home/user/node_modules/lightningcss-win32-arm64-msvc
24 silly reify mark deleted [ '/home/user/node_modules/lightningcss-win32-arm64-msvc' ]
25 verbose reify failed optional dependency /home/user/node_modules/lightningcss-linux-arm64-musl
26 silly reify mark deleted [ '/home/user/node_modules/lightningcss-linux-arm64-musl' ]
27 verbose reify failed optional dependency /home/user/node_modules/lightningcss-linux-arm64-gnu
28 silly reify mark deleted [ '/home/user/node_modules/lightningcss-linux-arm64-gnu' ]
29 verbose reify failed optional dependency /home/user/node_modules/lightningcss-linux-arm-gnueabihf
30 silly reify mark deleted [ '/home/user/node_modules/lightningcss-linux-arm-gnueabihf' ]
31 verbose reify failed optional dependency /home/user/node_modules/lightningcss-freebsd-x64
32 silly reify mark deleted [ '/home/user/node_modules/lightningcss-freebsd-x64' ]
33 verbose reify failed optional dependency /home/user/node_modules/lightningcss-darwin-x64
34 silly reify mark deleted [ '/home/user/node_modules/lightningcss-darwin-x64' ]
35 verbose reify failed optional dependency /home/user/node_modules/lightningcss-darwin-arm64
36 silly reify mark deleted [ '/home/user/node_modules/lightningcss-darwin-arm64' ]
37 verbose reify failed optional dependency /home/user/node_modules/fsevents
38 silly reify mark deleted [ '/home/user/node_modules/fsevents' ]
39 silly tarball no local data for @expo-google-fonts/inter@https://registry.npmjs.org/@expo-google-fonts/inter/-/inter-0.3.0.tgz. Extracting by manifest.
40 http fetch POST 200 https://registry.npmjs.org/-/npm/v1/security/advisories/bulk 68ms
41 silly audit report {
41 silly audit report   '@babel/helpers': [
41 silly audit report     {
41 silly audit report       id: 1103026,
41 silly audit report       url: 'https://github.com/advisories/GHSA-968p-4wvh-cqc8',
41 silly audit report       title: 'Babel has inefficient RexExp complexity in generated code with .replace when transpiling named capturing groups',
41 silly audit report       severity: 'moderate',
41 silly audit report       vulnerable_versions: '<7.26.10',
41 silly audit report       cwe: [Array],
41 silly audit report       cvss: [Object]
41 silly audit report     }
41 silly audit report   ],
41 silly audit report   '@babel/runtime': [
41 silly audit report     {
41 silly audit report       id: 1103025,
41 silly audit report       url: 'https://github.com/advisories/GHSA-968p-4wvh-cqc8',
41 silly audit report       title: 'Babel has inefficient RexExp complexity in generated code with .replace when transpiling named capturing groups',
41 silly audit report       severity: 'moderate',
41 silly audit report       vulnerable_versions: '<7.26.10',
41 silly audit report       cwe: [Array],
41 silly audit report       cvss: [Object]
41 silly audit report     }
41 silly audit report   ],
41 silly audit report   cookie: [
41 silly audit report     {
41 silly audit report       id: 1103907,
41 silly audit report       url: 'https://github.com/advisories/GHSA-pxg6-pf52-xh8x',
41 silly audit report       title: 'cookie accepts cookie name, path, and domain with out of bounds characters',
41 silly audit report       severity: 'low',
41 silly audit report       vulnerable_versions: '<0.7.0',
41 silly audit report       cwe: [Array],
41 silly audit report       cvss: [Object]
41 silly audit report     }
41 silly audit report   ],
41 silly audit report   'image-size': [
41 silly audit report     {
41 silly audit report       id: 1103816,
41 silly audit report       url: 'https://github.com/advisories/GHSA-m5qc-5hw7-8vg7',
41 silly audit report       title: 'image-size Denial of Service via Infinite Loop during Image Processing',
41 silly audit report       severity: 'high',
41 silly audit report       vulnerable_versions: '>=1.1.0 <1.2.1',
41 silly audit report       cwe: [Array],
41 silly audit report       cvss: [Object]
41 silly audit report     }
41 silly audit report   ]
41 silly audit report }
42 silly packumentCache corgi:https://registry.npmjs.org/@babel%2fhelpers cache-miss
43 silly packumentCache corgi:https://registry.npmjs.org/@babel%2fruntime cache-miss
44 silly packumentCache corgi:https://registry.npmjs.org/cookie cache-miss
45 silly packumentCache corgi:https://registry.npmjs.org/image-size cache-miss
46 http fetch GET 200 https://registry.npmjs.org/@babel%2fhelpers 31ms (cache hit)
47 silly packumentCache corgi:https://registry.npmjs.org/@babel%2fhelpers set size:193928 disposed:false
48 http fetch GET 200 https://registry.npmjs.org/@babel%2fruntime 36ms (cache hit)
49 silly packumentCache corgi:https://registry.npmjs.org/@babel%2fruntime set size:212688 disposed:false
50 http fetch GET 200 https://registry.npmjs.org/cookie 40ms (cache hit)
51 silly packumentCache corgi:https://registry.npmjs.org/cookie set size:22175 disposed:false
52 http fetch GET 200 https://registry.npmjs.org/image-size 41ms (cache hit)
53 silly packumentCache corgi:https://registry.npmjs.org/image-size set size:76086 disposed:false
54 silly packumentCache corgi:https://registry.npmjs.org/@babel%2fcore cache-miss
55 http fetch GET 200 https://registry.npmjs.org/@babel%2fcore 13ms (cache hit)
56 silly packumentCache corgi:https://registry.npmjs.org/@babel%2fcore set size:380566 disposed:false
57 silly packumentCache corgi:https://registry.npmjs.org/@expo%2fcli cache-miss
58 silly packumentCache corgi:https://registry.npmjs.org/@radix-ui%2freact-compose-refs cache-miss
59 silly packumentCache corgi:https://registry.npmjs.org/@radix-ui%2freact-slot cache-miss
60 silly packumentCache corgi:https://registry.npmjs.org/expo cache-miss
61 silly packumentCache corgi:https://registry.npmjs.org/metro-runtime cache-miss
62 silly packumentCache corgi:https://registry.npmjs.org/react-helmet-async cache-miss
63 silly packumentCache corgi:https://registry.npmjs.org/react-native-web cache-miss
64 silly packumentCache corgi:https://registry.npmjs.org/regenerator-transform cache-miss
65 http fetch GET 200 https://registry.npmjs.org/@radix-ui%2freact-compose-refs 37ms (cache hit)
66 silly packumentCache corgi:https://registry.npmjs.org/@radix-ui%2freact-compose-refs set size:116746 disposed:false
67 http fetch GET 200 https://registry.npmjs.org/@radix-ui%2freact-slot 41ms (cache hit)
68 silly packumentCache corgi:https://registry.npmjs.org/@radix-ui%2freact-slot set size:167061 disposed:false
69 http fetch GET 200 https://registry.npmjs.org/react-helmet-async 42ms (cache hit)
70 silly packumentCache corgi:https://registry.npmjs.org/react-helmet-async set size:112107 disposed:false
71 http fetch GET 200 https://registry.npmjs.org/@expo%2fcli 53ms (cache hit)
72 silly packumentCache corgi:https://registry.npmjs.org/@expo%2fcli set size:980899 disposed:false
73 http fetch GET 200 https://registry.npmjs.org/expo 71ms (cache hit)
74 silly packumentCache corgi:https://registry.npmjs.org/expo set size:1337300 disposed:false
75 http fetch GET 200 https://registry.npmjs.org/react-native-web 92ms (cache hit)
76 silly packumentCache corgi:https://registry.npmjs.org/react-native-web set size:591638 disposed:false
77 http fetch GET 200 https://registry.npmjs.org/metro-runtime 116ms (cache hit)
78 silly packumentCache corgi:https://registry.npmjs.org/metro-runtime set size:96123 disposed:false
79 http fetch GET 200 https://registry.npmjs.org/regenerator-transform 119ms (cache hit)
80 silly packumentCache corgi:https://registry.npmjs.org/regenerator-transform set size:38635 disposed:false
81 silly packumentCache corgi:https://registry.npmjs.org/@remix-run%2fserver-runtime cache-miss
82 http fetch GET 200 https://registry.npmjs.org/@remix-run%2fserver-runtime 25ms (cache hit)
83 silly packumentCache corgi:https://registry.npmjs.org/@remix-run%2fserver-runtime set size:1600197 disposed:false
84 silly packumentCache corgi:https://registry.npmjs.org/metro cache-miss
85 http fetch GET 200 https://registry.npmjs.org/metro 18ms (cache hit)
86 silly packumentCache corgi:https://registry.npmjs.org/metro set size:496657 disposed:false
87 silly packumentCache corgi:https://registry.npmjs.org/@remix-run%2fnode cache-miss
88 http fetch GET 200 https://registry.npmjs.org/@remix-run%2fnode 10ms (cache hit)
89 silly packumentCache corgi:https://registry.npmjs.org/@remix-run%2fnode set size:1659777 disposed:false
90 silly packumentCache corgi:https://registry.npmjs.org/@expo%2fserver cache-miss
91 http fetch GET 200 https://registry.npmjs.org/@expo%2fserver 76ms (cache hit)
92 silly packumentCache corgi:https://registry.npmjs.org/@expo%2fserver set size:64609 disposed:false
93 http fetch GET 200 https://registry.npmjs.org/@expo-google-fonts/inter/-/inter-0.3.0.tgz 807ms (cache miss)
94 silly ADD node_modules/@expo-google-fonts/inter
95 silly ADD
96 silly ADD
97 silly ADD
98 silly ADD
99 silly ADD
100 silly ADD
101 silly ADD
102 silly ADD
103 silly ADD
104 verbose cwd /home/user
105 verbose os Linux 6.1.102
106 verbose node v20.19.0
107 verbose npm  v10.8.2
108 verbose exit 0
109 info ok
